[1.314s] Invoking command in '/home/racecar/racecar_ws/src/ros_exercises': PYTHONPATH=/home/racecar/racecar_ws/src/build/ros_exercises/prefix_override:/home/racecar/racecar_ws/src/install/ros_exercises/lib/python3.8/site-packages:${PYTHONPATH} /usr/bin/python3 setup.py egg_info --egg-base ../build/ros_exercises build --build-base /home/racecar/racecar_ws/src/build/ros_exercises/build install --record /home/racecar/racecar_ws/src/build/ros_exercises/install.log --install-scripts $base/lib/ros_exercises --single-version-externally-managed
[1.553s] running egg_info
[1.555s] creating ../build/ros_exercises/ros_exercises.egg-info
[1.556s] writing ../build/ros_exercises/ros_exercises.egg-info/PKG-INFO
[1.558s] writing dependency_links to ../build/ros_exercises/ros_exercises.egg-info/dependency_links.txt
[1.559s] writing entry points to ../build/ros_exercises/ros_exercises.egg-info/entry_points.txt
[1.561s] writing requirements to ../build/ros_exercises/ros_exercises.egg-info/requires.txt
[1.562s] writing top-level names to ../build/ros_exercises/ros_exercises.egg-info/top_level.txt
[1.568s] writing manifest file '../build/ros_exercises/ros_exercises.egg-info/SOURCES.txt'
[1.625s] reading manifest file '../build/ros_exercises/ros_exercises.egg-info/SOURCES.txt'
[1.629s] writing manifest file '../build/ros_exercises/ros_exercises.egg-info/SOURCES.txt'
[1.630s] running build
[1.631s] running build_py
[1.633s] creating /home/racecar/racecar_ws/src/build/ros_exercises/build
[1.634s] creating /home/racecar/racecar_ws/src/build/ros_exercises/build/lib
[1.635s] creating /home/racecar/racecar_ws/src/build/ros_exercises/build/lib/ros_exercises
[1.637s] copying ros_exercises/__init__.py -> /home/racecar/racecar_ws/src/build/ros_exercises/build/lib/ros_exercises
[1.638s] copying ros_exercises/my_node.py -> /home/racecar/racecar_ws/src/build/ros_exercises/build/lib/ros_exercises
[1.640s] running install
[1.642s] running install_lib
[1.644s] creating /home/racecar/racecar_ws/src/install/ros_exercises/lib/python3.8/site-packages/ros_exercises
[1.646s] copying /home/racecar/racecar_ws/src/build/ros_exercises/build/lib/ros_exercises/__init__.py -> /home/racecar/racecar_ws/src/install/ros_exercises/lib/python3.8/site-packages/ros_exercises
[1.649s] copying /home/racecar/racecar_ws/src/build/ros_exercises/build/lib/ros_exercises/my_node.py -> /home/racecar/racecar_ws/src/install/ros_exercises/lib/python3.8/site-packages/ros_exercises
[1.654s] byte-compiling /home/racecar/racecar_ws/src/install/ros_exercises/lib/python3.8/site-packages/ros_exercises/__init__.py to __init__.cpython-38.pyc
[1.659s] byte-compiling /home/racecar/racecar_ws/src/install/ros_exercises/lib/python3.8/site-packages/ros_exercises/my_node.py to my_node.cpython-38.pyc
[1.662s] running install_data
[1.663s] creating /home/racecar/racecar_ws/src/install/ros_exercises/share/ament_index
[1.664s] creating /home/racecar/racecar_ws/src/install/ros_exercises/share/ament_index/resource_index
[1.666s] creating /home/racecar/racecar_ws/src/install/ros_exercises/share/ament_index/resource_index/packages
[1.668s] copying resource/ros_exercises -> /home/racecar/racecar_ws/src/install/ros_exercises/share/ament_index/resource_index/packages
[1.671s] copying package.xml -> /home/racecar/racecar_ws/src/install/ros_exercises/share/ros_exercises
[1.673s] running install_egg_info
[1.677s] Copying ../build/ros_exercises/ros_exercises.egg-info to /home/racecar/racecar_ws/src/install/ros_exercises/lib/python3.8/site-packages/ros_exercises-0.0.0-py3.8.egg-info
[1.703s] running install_scripts
[1.727s] Installing my_node script to /home/racecar/racecar_ws/src/install/ros_exercises/lib/ros_exercises
[1.730s] writing list of installed files to '/home/racecar/racecar_ws/src/build/ros_exercises/install.log'
[1.756s] Invoked command in '/home/racecar/racecar_ws/src/ros_exercises' returned '0': PYTHONPATH=/home/racecar/racecar_ws/src/build/ros_exercises/prefix_override:/home/racecar/racecar_ws/src/install/ros_exercises/lib/python3.8/site-packages:${PYTHONPATH} /usr/bin/python3 setup.py egg_info --egg-base ../build/ros_exercises build --build-base /home/racecar/racecar_ws/src/build/ros_exercises/build install --record /home/racecar/racecar_ws/src/build/ros_exercises/install.log --install-scripts $base/lib/ros_exercises --single-version-externally-managed
